2009-10-30 11:16:56 (CLST)	8192 	Function sql_regcase() is deprecated	File: fns_tinybrowser.php	Line: 355	
2009-10-30 11:16:56 (CLST)	8192 	Function sql_regcase() is deprecated	File: fns_tinybrowser.php	Line: 355	
2009-10-30 11:16:56 (CLST)	8192 	Function sql_regcase() is deprecated	File: fns_tinybrowser.php	Line: 355	
2009-10-30 11:16:56 (CLST)	8192 	Function sql_regcase() is deprecated	File: fns_tinybrowser.php	Line: 355	
2009-10-30 11:16:56 (CLST)	8 Notice	Use of undefined constant TB_FOLDERS - assumed 'TB_FOLDERS'	File: tinybrowser.php	Line: 234	
2009-10-30 11:17:07 (CLST)	8192 	Function sql_regcase() is deprecated	File: fns_tinybrowser.php	Line: 355	
2009-10-30 11:17:07 (CLST)	8192 	Function sql_regcase() is deprecated	File: fns_tinybrowser.php	Line: 355	
2009-10-30 11:17:07 (CLST)	8192 	Function sql_regcase() is deprecated	File: fns_tinybrowser.php	Line: 355	
2009-10-30 11:17:07 (CLST)	8192 	Function sql_regcase() is deprecated	File: fns_tinybrowser.php	Line: 355	
2009-10-30 11:17:07 (CLST)	8 Notice	Use of undefined constant TB_FOLDERS - assumed 'TB_FOLDERS'	File: upload.php	Line: 154	
2009-10-30 11:24:48 (CLST)	8192 	Function sql_regcase() is deprecated	File: fns_tinybrowser.php	Line: 355	
2009-10-30 11:24:48 (CLST)	8192 	Function sql_regcase() is deprecated	File: fns_tinybrowser.php	Line: 355	
2009-10-30 11:24:48 (CLST)	8192 	Function sql_regcase() is deprecated	File: fns_tinybrowser.php	Line: 355	
2009-10-30 11:24:48 (CLST)	8192 	Function sql_regcase() is deprecated	File: fns_tinybrowser.php	Line: 355	
2009-10-30 11:24:48 (CLST)	8 Notice	Use of undefined constant TB_FOLDERS - assumed 'TB_FOLDERS'	File: tinybrowser.php	Line: 235	
2009-10-30 11:24:58 (CLST)	8192 	Function sql_regcase() is deprecated	File: fns_tinybrowser.php	Line: 355	
2009-10-30 11:24:58 (CLST)	8192 	Function sql_regcase() is deprecated	File: fns_tinybrowser.php	Line: 355	
2009-10-30 11:24:58 (CLST)	8192 	Function sql_regcase() is deprecated	File: fns_tinybrowser.php	Line: 355	
2009-10-30 11:24:58 (CLST)	8192 	Function sql_regcase() is deprecated	File: fns_tinybrowser.php	Line: 355	
2009-10-30 11:24:58 (CLST)	8 Notice	Use of undefined constant TB_FOLDERS - assumed 'TB_FOLDERS'	File: tinybrowser.php	Line: 235	
2009-10-30 11:25:01 (CLST)	8192 	Function sql_regcase() is deprecated	File: fns_tinybrowser.php	Line: 355	
2009-10-30 11:25:01 (CLST)	8192 	Function sql_regcase() is deprecated	File: fns_tinybrowser.php	Line: 355	
2009-10-30 11:25:01 (CLST)	8192 	Function sql_regcase() is deprecated	File: fns_tinybrowser.php	Line: 355	
2009-10-30 11:25:01 (CLST)	8192 	Function sql_regcase() is deprecated	File: fns_tinybrowser.php	Line: 355	
2009-10-30 11:25:01 (CLST)	8 Notice	Use of undefined constant TB_FOLDERS - assumed 'TB_FOLDERS'	File: edit.php	Line: 387	
2009-10-30 11:25:01 (CLST)	8 Notice	Use of undefined constant TB_MOVE - assumed 'TB_MOVE'	File: edit.php	Line: 418	
2009-10-30 11:25:05 (CLST)	8192 	Function sql_regcase() is deprecated	File: fns_tinybrowser.php	Line: 355	
2009-10-30 11:25:05 (CLST)	8192 	Function sql_regcase() is deprecated	File: fns_tinybrowser.php	Line: 355	
2009-10-30 11:25:05 (CLST)	8192 	Function sql_regcase() is deprecated	File: fns_tinybrowser.php	Line: 355	
2009-10-30 11:25:05 (CLST)	8192 	Function sql_regcase() is deprecated	File: fns_tinybrowser.php	Line: 355	
2009-10-30 11:25:05 (CLST)	8 Notice	Use of undefined constant TB_FOLDERS - assumed 'TB_FOLDERS'	File: edit.php	Line: 387	
2009-10-30 11:25:05 (CLST)	8 Notice	Use of undefined constant TB_MOVE - assumed 'TB_MOVE'	File: edit.php	Line: 418	
2009-10-30 11:25:08 (CLST)	8192 	Function sql_regcase() is deprecated	File: fns_tinybrowser.php	Line: 355	
2009-10-30 11:25:08 (CLST)	8192 	Function sql_regcase() is deprecated	File: fns_tinybrowser.php	Line: 355	
2009-10-30 11:25:08 (CLST)	8192 	Function sql_regcase() is deprecated	File: fns_tinybrowser.php	Line: 355	
2009-10-30 11:25:08 (CLST)	8192 	Function sql_regcase() is deprecated	File: fns_tinybrowser.php	Line: 355	
2009-10-30 11:25:08 (CLST)	8 Notice	Use of undefined constant TB_FOLDERS - assumed 'TB_FOLDERS'	File: tinybrowser.php	Line: 235	
2009-10-30 11:26:05 (CLST)	8192 	Function sql_regcase() is deprecated	File: fns_tinybrowser.php	Line: 355	
2009-10-30 11:26:05 (CLST)	8192 	Function sql_regcase() is deprecated	File: fns_tinybrowser.php	Line: 355	
2009-10-30 11:26:05 (CLST)	8192 	Function sql_regcase() is deprecated	File: fns_tinybrowser.php	Line: 355	
2009-10-30 11:26:05 (CLST)	8192 	Function sql_regcase() is deprecated	File: fns_tinybrowser.php	Line: 355	
2009-10-30 11:26:05 (CLST)	8 Notice	Use of undefined constant TB_FOLDERS - assumed 'TB_FOLDERS'	File: tinybrowser.php	Line: 235	
2009-10-30 11:26:07 (CLST)	8192 	Function sql_regcase() is deprecated	File: fns_tinybrowser.php	Line: 355	
2009-10-30 11:26:07 (CLST)	8192 	Function sql_regcase() is deprecated	File: fns_tinybrowser.php	Line: 355	
2009-10-30 11:26:07 (CLST)	8192 	Function sql_regcase() is deprecated	File: fns_tinybrowser.php	Line: 355	
2009-10-30 11:26:07 (CLST)	8192 	Function sql_regcase() is deprecated	File: fns_tinybrowser.php	Line: 355	
2009-10-30 11:26:07 (CLST)	8 Notice	Use of undefined constant TB_FOLDERS - assumed 'TB_FOLDERS'	File: upload.php	Line: 154	
2009-10-30 11:26:16 (CLST)	8192 	Function sql_regcase() is deprecated	File: fns_tinybrowser.php	Line: 355	
2009-10-30 11:26:16 (CLST)	8192 	Function sql_regcase() is deprecated	File: fns_tinybrowser.php	Line: 355	
2009-10-30 11:26:16 (CLST)	8192 	Function sql_regcase() is deprecated	File: fns_tinybrowser.php	Line: 355	
2009-10-30 11:26:16 (CLST)	8192 	Function sql_regcase() is deprecated	File: fns_tinybrowser.php	Line: 355	
2009-10-30 11:26:16 (CLST)	8 Notice	Use of undefined constant TB_FOLDERS - assumed 'TB_FOLDERS'	File: upload.php	Line: 154	
2009-10-30 11:26:22 (CLST)	8192 	Function sql_regcase() is deprecated	File: fns_tinybrowser.php	Line: 355	
2009-10-30 11:26:22 (CLST)	8192 	Function sql_regcase() is deprecated	File: fns_tinybrowser.php	Line: 355	
2009-10-30 11:26:22 (CLST)	8192 	Function sql_regcase() is deprecated	File: fns_tinybrowser.php	Line: 355	
2009-10-30 11:26:22 (CLST)	8192 	Function sql_regcase() is deprecated	File: fns_tinybrowser.php	Line: 355	
2009-10-30 11:26:22 (CLST)	8 Notice	Use of undefined constant TB_FOLDERS - assumed 'TB_FOLDERS'	File: folders.php	Line: 149	
2009-10-30 11:26:22 (CLST)	8 Notice	Use of undefined constant TB_FOLDERS - assumed 'TB_FOLDERS'	File: folders.php	Line: 184	
2009-10-30 11:26:22 (CLST)	8 Notice	Use of undefined constant TB_FOLDERS - assumed 'TB_FOLDERS'	File: folders.php	Line: 191	
2009-10-30 11:26:22 (CLST)	8 Notice	Use of undefined constant TB_CREATE - assumed 'TB_CREATE'	File: folders.php	Line: 200	
2009-10-30 11:26:22 (CLST)	8 Notice	Use of undefined constant TB_CREATE - assumed 'TB_CREATE'	File: folders.php	Line: 224	
2009-10-30 11:26:22 (CLST)	8 Notice	Use of undefined constant TB_FOLDERNAME - assumed 'TB_FOLDERNAME'	File: folders.php	Line: 230	
2009-10-30 11:26:22 (CLST)	8 Notice	Use of undefined constant TB_FOLDERS - assumed 'TB_FOLDERS'	File: folders.php	Line: 268	
2009-10-30 11:26:26 (CLST)	8192 	Function sql_regcase() is deprecated	File: fns_tinybrowser.php	Line: 355	
2009-10-30 11:26:26 (CLST)	8192 	Function sql_regcase() is deprecated	File: fns_tinybrowser.php	Line: 355	
2009-10-30 11:26:26 (CLST)	8192 	Function sql_regcase() is deprecated	File: fns_tinybrowser.php	Line: 355	
2009-10-30 11:26:26 (CLST)	8192 	Function sql_regcase() is deprecated	File: fns_tinybrowser.php	Line: 355	
2009-10-30 11:26:26 (CLST)	8 Notice	Use of undefined constant TB_FOLDERS - assumed 'TB_FOLDERS'	File: edit.php	Line: 387	
2009-10-30 11:26:26 (CLST)	8 Notice	Use of undefined constant TB_MOVE - assumed 'TB_MOVE'	File: edit.php	Line: 418	
2009-10-30 11:26:34 (CLST)	8192 	Function sql_regcase() is deprecated	File: fns_tinybrowser.php	Line: 355	
2009-10-30 11:26:34 (CLST)	8192 	Function sql_regcase() is deprecated	File: fns_tinybrowser.php	Line: 355	
2009-10-30 11:26:34 (CLST)	8192 	Function sql_regcase() is deprecated	File: fns_tinybrowser.php	Line: 355	
2009-10-30 11:26:34 (CLST)	8192 	Function sql_regcase() is deprecated	File: fns_tinybrowser.php	Line: 355	
2009-10-30 11:26:34 (CLST)	8 Notice	Use of undefined constant TB_FOLDERS - assumed 'TB_FOLDERS'	File: tinybrowser.php	Line: 235	
2009-10-30 11:27:32 (CLST)	8192 	Function sql_regcase() is deprecated	File: fns_tinybrowser.php	Line: 355	
2009-10-30 11:27:32 (CLST)	8192 	Function sql_regcase() is deprecated	File: fns_tinybrowser.php	Line: 355	
2009-10-30 11:27:32 (CLST)	8192 	Function sql_regcase() is deprecated	File: fns_tinybrowser.php	Line: 355	
2009-10-30 11:27:32 (CLST)	8192 	Function sql_regcase() is deprecated	File: fns_tinybrowser.php	Line: 355	
2009-10-30 11:27:32 (CLST)	8 Notice	Use of undefined constant TB_FOLDERS - assumed 'TB_FOLDERS'	File: tinybrowser.php	Line: 235	
2009-10-30 11:30:09 (CLST)	8192 	Function sql_regcase() is deprecated	File: fns_tinybrowser.php	Line: 355	
2009-10-30 11:30:09 (CLST)	8192 	Function sql_regcase() is deprecated	File: fns_tinybrowser.php	Line: 355	
2009-10-30 11:30:09 (CLST)	8192 	Function sql_regcase() is deprecated	File: fns_tinybrowser.php	Line: 355	
2009-10-30 11:30:09 (CLST)	8192 	Function sql_regcase() is deprecated	File: fns_tinybrowser.php	Line: 355	
2009-10-30 11:30:09 (CLST)	8 Notice	Use of undefined constant TB_FOLDERS - assumed 'TB_FOLDERS'	File: tinybrowser.php	Line: 235	
2009-10-30 11:30:31 (CLST)	8192 	Function sql_regcase() is deprecated	File: fns_tinybrowser.php	Line: 355	
2009-10-30 11:30:31 (CLST)	8192 	Function sql_regcase() is deprecated	File: fns_tinybrowser.php	Line: 355	
2009-10-30 11:30:31 (CLST)	8192 	Function sql_regcase() is deprecated	File: fns_tinybrowser.php	Line: 355	
2009-10-30 11:30:31 (CLST)	8192 	Function sql_regcase() is deprecated	File: fns_tinybrowser.php	Line: 355	
2009-10-30 11:30:31 (CLST)	8 Notice	Use of undefined constant TB_FOLDERS - assumed 'TB_FOLDERS'	File: upload.php	Line: 154	
2009-10-30 11:30:43 (CLST)	8192 	Function sql_regcase() is deprecated	File: fns_tinybrowser.php	Line: 355	
2009-10-30 11:30:43 (CLST)	8192 	Function sql_regcase() is deprecated	File: fns_tinybrowser.php	Line: 355	
2009-10-30 11:30:43 (CLST)	8192 	Function sql_regcase() is deprecated	File: fns_tinybrowser.php	Line: 355	
2009-10-30 11:30:43 (CLST)	8192 	Function sql_regcase() is deprecated	File: fns_tinybrowser.php	Line: 355	
2009-10-30 11:30:43 (CLST)	8 Notice	Use of undefined constant TB_FOLDERS - assumed 'TB_FOLDERS'	File: upload.php	Line: 154	
2009-10-30 11:30:46 (CLST)	8192 	Function sql_regcase() is deprecated	File: fns_tinybrowser.php	Line: 355	
2009-10-30 11:30:46 (CLST)	8192 	Function sql_regcase() is deprecated	File: fns_tinybrowser.php	Line: 355	
2009-10-30 11:30:46 (CLST)	8192 	Function sql_regcase() is deprecated	File: fns_tinybrowser.php	Line: 355	
2009-10-30 11:30:46 (CLST)	8192 	Function sql_regcase() is deprecated	File: fns_tinybrowser.php	Line: 355	
2009-10-30 11:30:46 (CLST)	8 Notice	Use of undefined constant TB_FOLDERS - assumed 'TB_FOLDERS'	File: tinybrowser.php	Line: 235	
2009-10-30 11:31:56 (CLST)	8192 	Function sql_regcase() is deprecated	File: fns_tinybrowser.php	Line: 355	
2009-10-30 11:31:56 (CLST)	8192 	Function sql_regcase() is deprecated	File: fns_tinybrowser.php	Line: 355	
2009-10-30 11:31:56 (CLST)	8192 	Function sql_regcase() is deprecated	File: fns_tinybrowser.php	Line: 355	
2009-10-30 11:31:56 (CLST)	8192 	Function sql_regcase() is deprecated	File: fns_tinybrowser.php	Line: 355	
2009-10-30 11:31:56 (CLST)	8 Notice	Use of undefined constant TB_FOLDERS - assumed 'TB_FOLDERS'	File: tinybrowser.php	Line: 235	
2009-10-30 11:42:36 (CLST)	8192 	Function sql_regcase() is deprecated	File: fns_tinybrowser.php	Line: 355	
2009-10-30 11:42:36 (CLST)	8192 	Function sql_regcase() is deprecated	File: fns_tinybrowser.php	Line: 355	
2009-10-30 11:42:36 (CLST)	8192 	Function sql_regcase() is deprecated	File: fns_tinybrowser.php	Line: 355	
2009-10-30 11:42:36 (CLST)	8192 	Function sql_regcase() is deprecated	File: fns_tinybrowser.php	Line: 355	
2009-10-30 11:42:39 (CLST)	8192 	Function sql_regcase() is deprecated	File: fns_tinybrowser.php	Line: 355	
2009-10-30 11:42:39 (CLST)	8192 	Function sql_regcase() is deprecated	File: fns_tinybrowser.php	Line: 355	
2009-10-30 11:42:39 (CLST)	8192 	Function sql_regcase() is deprecated	File: fns_tinybrowser.php	Line: 355	
2009-10-30 11:42:39 (CLST)	8192 	Function sql_regcase() is deprecated	File: fns_tinybrowser.php	Line: 355	
